<?xml version="1.0" encoding="UTF-8"?>
<!-- Generated by org.testng.reporters.JUnitReportReporter -->
<testsuite skipped="0" hostname="DESKTOP-RNFC7AE" name="Iter.driver" tests="1" failures="0" timestamp="28 Jul 2022 14:53:40 GMT" time="5.281" errors="0">
  <testcase name="testweb" time="5.281" classname="Iter.driver"/>
</testsuite> <!-- Iter.driver -->
