<?xml version="1.0" encoding="UTF-8"?>
<!-- Generated by org.testng.reporters.JUnitReportReporter -->
<testsuite skipped="0" hostname="DESKTOP-RNFC7AE" name="Iter.inter" tests="3" failures="0" timestamp="17 Jul 2022 15:47:21 GMT" time="0.052" errors="0">
  <testcase name="transfer" time="0.023" classname="Iter.inter"/>
  <testcase name="withdraw" time="0.020" classname="Iter.inter"/>
  <testcase name="deposit" time="0.009" classname="Iter.inter"/>
</testsuite> <!-- Iter.inter -->
