<?xml version="1.0" encoding="UTF-8"?>
<!-- Generated by org.testng.reporters.JUnitReportReporter -->
<testsuite skipped="0" hostname="DESKTOP-RNFC7AE" name="Iter.Web" tests="1" failures="0" timestamp="22 Jul 2022 09:37:18 GMT" time="4.874" errors="0">
  <testcase name="test_script01" time="4.874" classname="Iter.Web"/>
</testsuite> <!-- Iter.Web -->
