<?xml version="1.0" encoding="UTF-8"?>
<!-- Generated by org.testng.reporters.JUnitReportReporter -->
<testsuite skipped="0" hostname="DESKTOP-RNFC7AE" name="Iter.Truetest" tests="1" failures="0" timestamp="29 Jul 2022 10:52:08 GMT" time="4.630" errors="0">
  <testcase name="googletest" time="4.630" classname="Iter.Truetest"/>
</testsuite> <!-- Iter.Truetest -->
